Using pre-set license

 COMMAND LINE ARGUMENTS:
/Applications/Unity/Hub/Editor/2020.2.1f1/Unity.app/Contents/MacOS/Unity
-adb2
-batchMode
-noUpm
-name
AssetImportWorker0
-projectPath
/Users/tylerprince/Documents/GitHub/Assignment02/Roll-A-Ball [Tyler Prince]
-logFile
Logs/AssetImportWorker0.log
-srvPort
60757
Successfully changed project path to: /Users/tylerprince/Documents/GitHub/Assignment02/Roll-A-Ball [Tyler Prince]
/Users/tylerprince/Documents/GitHub/Assignment02/Roll-A-Ball [Tyler Prince]
Using Asset Import Pipeline V2.
Refreshing native plugins compatible for Editor in 20.99 ms, found 1 plugins.
Preloading 0 native plugins for Editor in 0.00 ms.
Initialize engine version: 2020.2.1f1 (270dd8c3da1c)
[Subsystems] Discovering subsystems at path /Applications/Unity/Hub/Editor/2020.2.1f1/Unity.app/Contents/Resources/UnitySubsystems
[Subsystems] Discovering subsystems at path /Users/tylerprince/Documents/GitHub/Assignment02/Roll-A-Ball [Tyler Prince]/Assets
GfxDevice: creating device client; threaded=0
2021-02-03 11:15:50.704 Unity[87111:6836723] iMac preferred device: AMD Radeon Pro Vega 56 (high power)
2021-02-03 11:15:50.704 Unity[87111:6836723] Metal devices available: 1
2021-02-03 11:15:50.704 Unity[87111:6836723] 0: AMD Radeon Pro Vega 56 (high power)
2021-02-03 11:15:50.705 Unity[87111:6836723] Using device AMD Radeon Pro Vega 56 (high power)
Initializing Metal device caps: AMD Radeon Pro Vega 56
Initialize mono
Mono path[0] = '/Applications/Unity/Hub/Editor/2020.2.1f1/Unity.app/Contents/Managed'
Mono path[1] = '/Applications/Unity/Hub/Editor/2020.2.1f1/Unity.app/Contents/MonoBleedingEdge/lib/mono/unityjit'
Mono config path = '/Applications/Unity/Hub/Editor/2020.2.1f1/Unity.app/Contents/MonoBleedingEdge/etc'
Using monoOptions --debugger-agent=transport=dt_socket,embedding=1,server=y,suspend=n,address=127.0.0.1:56111
Begin MonoManager ReloadAssembly
Registering precompiled unity dll's ...
Register platform support module: /Applications/Unity/Hub/Editor/2020.2.1f1/Unity.app/Contents/PlaybackEngines/MacStandaloneSupport/UnityEditor.OSXStandalone.Extensions.dll
Registered in 0.000392 seconds.
Native extension for OSXStandalone target not found
Refreshing native plugins compatible for Editor in 18.66 ms, found 1 plugins.
Preloading 0 native plugins for Editor in 0.00 ms.
Invoked RoslynAnalysisRunner static constructor.
RoslynAnalysisRunner will not be running.
RoslynAnalysisRunner has terminated.
Mono: successfully reloaded assembly
- Completed reload, in  1.586 seconds
Platform modules already initialized, skipping
Registering precompiled user dll's ...
Registered in 0.000375 seconds.
Begin MonoManager ReloadAssembly
Native extension for OSXStandalone target not found
Refreshing native plugins compatible for Editor in 0.25 ms, found 1 plugins.
Preloading 0 native plugins for Editor in 0.00 ms.
Invoked RoslynAnalysisRunner static constructor.
RoslynAnalysisRunner will not be running.
RoslynAnalysisRunner has terminated.
Mono: successfully reloaded assembly
- Completed reload, in  0.879 seconds
Platform modules already initialized, skipping
========================================================================
Worker process is ready to serve import requests
Launching external process: /Applications/Unity/Hub/Editor/2020.2.1f1/Unity.app/Contents/Tools/UnityShaderCompiler
Launched and connected shader compiler UnityShaderCompiler after 0.02 seconds
Refreshing native plugins compatible for Editor in 0.24 ms, found 1 plugins.
Preloading 0 native plugins for Editor in 0.00 ms.
Unloading 1097 Unused Serialized files (Serialized files now loaded: 0)
System memory in use before: 123.1 MB.
System memory in use after: 123.2 MB.

Unloading 10 unused Assets to reduce memory usage. Loaded Objects now: 1538.
Total: 2.002015 ms (FindLiveObjects: 0.181998 ms CreateObjectMapping: 0.027586 ms MarkObjects: 1.705273 ms  DeleteObjects: 0.085630 ms)

========================================================================
Received Import Request.
  path: Assets/Prefabs/PickUp.prefab
  artifactKey: Guid(a860906fbf4f7489d948dcbfc49bc772) Importer(815301076,1909f56bfc062723c751e8b465ee728b)
Start importing Assets/Prefabs/PickUp.prefab using Guid(a860906fbf4f7489d948dcbfc49bc772) Importer(815301076,1909f56bfc062723c751e8b465ee728b)  -> (artifact id: '2ed0b65ec8bbc80fbbf6ede5a0159c4b') in 0.379946 seconds
  Import took 0.382182 seconds .

========================================================================
Received Import Request.
  Time since last request: 345.766931 seconds.
  path: Assets/Scripts/PlayerController.cs
  artifactKey: Guid(58365e4ccddc246b49ba81ef2303d729) Importer(815301076,1909f56bfc062723c751e8b465ee728b)
Start importing Assets/Scripts/PlayerController.cs using Guid(58365e4ccddc246b49ba81ef2303d729) Importer(815301076,1909f56bfc062723c751e8b465ee728b)  -> (artifact id: '29914e878c01ae38743461948206956a') in 0.302084 seconds
  Import took 0.304201 seconds .

========================================================================
Received Import Request.
  Time since last request: 249.276254 seconds.
  path: Assets/Scripts/PlayerController.cs
  artifactKey: Guid(58365e4ccddc246b49ba81ef2303d729) Importer(815301076,1909f56bfc062723c751e8b465ee728b)
Start importing Assets/Scripts/PlayerController.cs using Guid(58365e4ccddc246b49ba81ef2303d729) Importer(815301076,1909f56bfc062723c751e8b465ee728b)  -> (artifact id: '6907162a0e9650364275f3935ab42603') in 0.002003 seconds
  Import took 0.004155 seconds .

========================================================================
Received Prepare
Registering precompiled user dll's ...
Registered in 0.000315 seconds.
Begin MonoManager ReloadAssembly
Native extension for OSXStandalone target not found
Refreshing native plugins compatible for Editor in 0.25 ms, found 1 plugins.
Preloading 0 native plugins for Editor in 0.00 ms.
Invoked RoslynAnalysisRunner static constructor.
RoslynAnalysisRunner will not be running.
RoslynAnalysisRunner has terminated.
Mono: successfully reloaded assembly
- Completed reload, in  0.808 seconds
Platform modules already initialized, skipping
Refreshing native plugins compatible for Editor in 0.23 ms, found 1 plugins.
Preloading 0 native plugins for Editor in 0.00 ms.
Unloading 1092 Unused Serialized files (Serialized files now loaded: 0)
System memory in use before: 135.5 MB.
System memory in use after: 135.6 MB.

Unloading 6 unused Assets to reduce memory usage. Loaded Objects now: 1548.
Total: 1.824921 ms (FindLiveObjects: 0.164907 ms CreateObjectMapping: 0.027619 ms MarkObjects: 1.579823 ms  DeleteObjects: 0.051170 ms)

========================================================================
Received Prepare
Registering precompiled user dll's ...
Registered in 0.000417 seconds.
Begin MonoManager ReloadAssembly
Native extension for OSXStandalone target not found
Refreshing native plugins compatible for Editor in 0.27 ms, found 1 plugins.
Preloading 0 native plugins for Editor in 0.00 ms.
Invoked RoslynAnalysisRunner static constructor.
RoslynAnalysisRunner will not be running.
RoslynAnalysisRunner has terminated.
Mono: successfully reloaded assembly
- Completed reload, in  0.777 seconds
Platform modules already initialized, skipping
Refreshing native plugins compatible for Editor in 0.22 ms, found 1 plugins.
Preloading 0 native plugins for Editor in 0.00 ms.
Unloading 1092 Unused Serialized files (Serialized files now loaded: 0)
System memory in use before: 135.9 MB.
System memory in use after: 136.0 MB.

Unloading 5 unused Assets to reduce memory usage. Loaded Objects now: 1550.
Total: 1.949088 ms (FindLiveObjects: 0.199059 ms CreateObjectMapping: 0.036776 ms MarkObjects: 1.661922 ms  DeleteObjects: 0.050082 ms)

========================================================================
Received Import Request.
  Time since last request: 627.816281 seconds.
  path: Assets/Scripts/PlayerController.cs
  artifactKey: Guid(58365e4ccddc246b49ba81ef2303d729) Importer(815301076,1909f56bfc062723c751e8b465ee728b)
Start importing Assets/Scripts/PlayerController.cs using Guid(58365e4ccddc246b49ba81ef2303d729) Importer(815301076,1909f56bfc062723c751e8b465ee728b)  -> (artifact id: 'a7735b08eb3509c061a3aea1f0c02799') in 0.003788 seconds
  Import took 0.005845 seconds .

========================================================================
Received Prepare
Registering precompiled user dll's ...
Registered in 0.000403 seconds.
Begin MonoManager ReloadAssembly
Native extension for OSXStandalone target not found
Refreshing native plugins compatible for Editor in 0.25 ms, found 1 plugins.
Preloading 0 native plugins for Editor in 0.00 ms.
Invoked RoslynAnalysisRunner static constructor.
RoslynAnalysisRunner will not be running.
RoslynAnalysisRunner has terminated.
Mono: successfully reloaded assembly
- Completed reload, in  0.803 seconds
Platform modules already initialized, skipping
Refreshing native plugins compatible for Editor in 0.23 ms, found 1 plugins.
Preloading 0 native plugins for Editor in 0.00 ms.
Unloading 1092 Unused Serialized files (Serialized files now loaded: 0)
System memory in use before: 136.3 MB.
System memory in use after: 136.4 MB.

Unloading 5 unused Assets to reduce memory usage. Loaded Objects now: 1552.
Total: 1.892828 ms (FindLiveObjects: 0.180144 ms CreateObjectMapping: 0.040378 ms MarkObjects: 1.626621 ms  DeleteObjects: 0.044360 ms)

========================================================================
Received Import Request.
  Time since last request: 146.774653 seconds.
  path: Assets/Scripts/PlayerController.cs
  artifactKey: Guid(58365e4ccddc246b49ba81ef2303d729) Importer(815301076,1909f56bfc062723c751e8b465ee728b)
Start importing Assets/Scripts/PlayerController.cs using Guid(58365e4ccddc246b49ba81ef2303d729) Importer(815301076,1909f56bfc062723c751e8b465ee728b)  -> (artifact id: 'c6826ed65d4f3a09bfde82b35e6c3ca5') in 0.003983 seconds
  Import took 0.006165 seconds .

========================================================================
Received Prepare
Registering precompiled user dll's ...
Registered in 0.000309 seconds.
Begin MonoManager ReloadAssembly
Native extension for OSXStandalone target not found
Refreshing native plugins compatible for Editor in 0.25 ms, found 1 plugins.
Preloading 0 native plugins for Editor in 0.00 ms.
Invoked RoslynAnalysisRunner static constructor.
RoslynAnalysisRunner will not be running.
RoslynAnalysisRunner has terminated.
Mono: successfully reloaded assembly
- Completed reload, in  0.803 seconds
Platform modules already initialized, skipping
Refreshing native plugins compatible for Editor in 0.24 ms, found 1 plugins.
Preloading 0 native plugins for Editor in 0.00 ms.
Unloading 1092 Unused Serialized files (Serialized files now loaded: 0)
System memory in use before: 136.8 MB.
System memory in use after: 136.9 MB.

Unloading 5 unused Assets to reduce memory usage. Loaded Objects now: 1554.
Total: 1.842249 ms (FindLiveObjects: 0.177614 ms CreateObjectMapping: 0.027606 ms MarkObjects: 1.585389 ms  DeleteObjects: 0.050116 ms)

========================================================================
Received Prepare
Registering precompiled user dll's ...
Registered in 0.000290 seconds.
Begin MonoManager ReloadAssembly
Native extension for OSXStandalone target not found
Refreshing native plugins compatible for Editor in 0.22 ms, found 1 plugins.
Preloading 0 native plugins for Editor in 0.00 ms.
Invoked RoslynAnalysisRunner static constructor.
RoslynAnalysisRunner will not be running.
RoslynAnalysisRunner has terminated.
Mono: successfully reloaded assembly
- Completed reload, in  0.747 seconds
Platform modules already initialized, skipping
Refreshing native plugins compatible for Editor in 0.19 ms, found 1 plugins.
Preloading 0 native plugins for Editor in 0.00 ms.
Unloading 1092 Unused Serialized files (Serialized files now loaded: 0)
System memory in use before: 137.2 MB.
System memory in use after: 137.3 MB.

Unloading 5 unused Assets to reduce memory usage. Loaded Objects now: 1556.
Total: 1.812308 ms (FindLiveObjects: 0.191261 ms CreateObjectMapping: 0.044884 ms MarkObjects: 1.539875 ms  DeleteObjects: 0.035255 ms)

========================================================================
Received Prepare
Registering precompiled user dll's ...
Registered in 0.000297 seconds.
Begin MonoManager ReloadAssembly
Native extension for OSXStandalone target not found
Refreshing native plugins compatible for Editor in 0.22 ms, found 1 plugins.
Preloading 0 native plugins for Editor in 0.00 ms.
Invoked RoslynAnalysisRunner static constructor.
RoslynAnalysisRunner will not be running.
RoslynAnalysisRunner has terminated.
Mono: successfully reloaded assembly
- Completed reload, in  0.761 seconds
Platform modules already initialized, skipping
Refreshing native plugins compatible for Editor in 0.19 ms, found 1 plugins.
Preloading 0 native plugins for Editor in 0.00 ms.
Unloading 1092 Unused Serialized files (Serialized files now loaded: 0)
System memory in use before: 137.7 MB.
System memory in use after: 137.7 MB.

Unloading 5 unused Assets to reduce memory usage. Loaded Objects now: 1558.
Total: 1.658761 ms (FindLiveObjects: 0.152623 ms CreateObjectMapping: 0.023416 ms MarkObjects: 1.446525 ms  DeleteObjects: 0.035397 ms)

