Using pre-set license

 COMMAND LINE ARGUMENTS:
/Applications/Unity/Hub/Editor/2020.2.1f1/Unity.app/Contents/MacOS/Unity
-adb2
-batchMode
-noUpm
-name
AssetImportWorker0
-projectPath
/Users/tylerprince/Documents/GitHub/Assignment02/Roll-A-Ball [Tyler Prince]
-logFile
Logs/AssetImportWorker0.log
-srvPort
62299
Successfully changed project path to: /Users/tylerprince/Documents/GitHub/Assignment02/Roll-A-Ball [Tyler Prince]
/Users/tylerprince/Documents/GitHub/Assignment02/Roll-A-Ball [Tyler Prince]
Using Asset Import Pipeline V2.
Refreshing native plugins compatible for Editor in 20.80 ms, found 1 plugins.
Preloading 0 native plugins for Editor in 0.00 ms.
Initialize engine version: 2020.2.1f1 (270dd8c3da1c)
[Subsystems] Discovering subsystems at path /Applications/Unity/Hub/Editor/2020.2.1f1/Unity.app/Contents/Resources/UnitySubsystems
[Subsystems] Discovering subsystems at path /Users/tylerprince/Documents/GitHub/Assignment02/Roll-A-Ball [Tyler Prince]/Assets
GfxDevice: creating device client; threaded=0
2021-02-02 16:10:55.427 Unity[75587:5985307] iMac preferred device: AMD Radeon Pro Vega 56 (high power)
2021-02-02 16:10:55.427 Unity[75587:5985307] Metal devices available: 1
2021-02-02 16:10:55.427 Unity[75587:5985307] 0: AMD Radeon Pro Vega 56 (high power)
2021-02-02 16:10:55.428 Unity[75587:5985307] Using device AMD Radeon Pro Vega 56 (high power)
Initializing Metal device caps: AMD Radeon Pro Vega 56
Initialize mono
Mono path[0] = '/Applications/Unity/Hub/Editor/2020.2.1f1/Unity.app/Contents/Managed'
Mono path[1] = '/Applications/Unity/Hub/Editor/2020.2.1f1/Unity.app/Contents/MonoBleedingEdge/lib/mono/unityjit'
Mono config path = '/Applications/Unity/Hub/Editor/2020.2.1f1/Unity.app/Contents/MonoBleedingEdge/etc'
Using monoOptions --debugger-agent=transport=dt_socket,embedding=1,server=y,suspend=n,address=127.0.0.1:56587
Begin MonoManager ReloadAssembly
Registering precompiled unity dll's ...
Register platform support module: /Applications/Unity/Hub/Editor/2020.2.1f1/Unity.app/Contents/PlaybackEngines/MacStandaloneSupport/UnityEditor.OSXStandalone.Extensions.dll
Registered in 0.000514 seconds.
Native extension for OSXStandalone target not found
Refreshing native plugins compatible for Editor in 20.46 ms, found 1 plugins.
Preloading 0 native plugins for Editor in 0.00 ms.
Invoked RoslynAnalysisRunner static constructor.
RoslynAnalysisRunner will not be running.
RoslynAnalysisRunner has terminated.
Mono: successfully reloaded assembly
- Completed reload, in  1.700 seconds
Platform modules already initialized, skipping
Registering precompiled user dll's ...
Registered in 0.000414 seconds.
Begin MonoManager ReloadAssembly
Native extension for OSXStandalone target not found
Refreshing native plugins compatible for Editor in 0.23 ms, found 1 plugins.
Preloading 0 native plugins for Editor in 0.00 ms.
Invoked RoslynAnalysisRunner static constructor.
RoslynAnalysisRunner will not be running.
RoslynAnalysisRunner has terminated.
Mono: successfully reloaded assembly
- Completed reload, in  0.839 seconds
Platform modules already initialized, skipping
========================================================================
Worker process is ready to serve import requests
Launching external process: /Applications/Unity/Hub/Editor/2020.2.1f1/Unity.app/Contents/Tools/UnityShaderCompiler
Launched and connected shader compiler UnityShaderCompiler after 0.02 seconds
Refreshing native plugins compatible for Editor in 0.23 ms, found 1 plugins.
Preloading 0 native plugins for Editor in 0.00 ms.
Unloading 1094 Unused Serialized files (Serialized files now loaded: 0)
System memory in use before: 122.1 MB.
System memory in use after: 122.2 MB.

Unloading 10 unused Assets to reduce memory usage. Loaded Objects now: 1533.
Total: 1.976773 ms (FindLiveObjects: 0.172101 ms CreateObjectMapping: 0.027761 ms MarkObjects: 1.698066 ms  DeleteObjects: 0.077956 ms)

========================================================================
Received Import Request.
  path: Assets/Scenes
  artifactKey: Guid(257cf03b36a6440e2be28bf11a87fcfd) Importer(815301076,1909f56bfc062723c751e8b465ee728b)
Start importing Assets/Scenes using Guid(257cf03b36a6440e2be28bf11a87fcfd) Importer(815301076,1909f56bfc062723c751e8b465ee728b)  -> (artifact id: 'd54920997dcf749c2cd6546b87a18da5') in 0.003408 seconds
  Import took 0.006150 seconds .

========================================================================
Received Import Request.
  Time since last request: 1790.755365 seconds.
  path: Assets/Scripts
  artifactKey: Guid(992fd47c2fa12447a9cfd5b76c483b69) Importer(815301076,1909f56bfc062723c751e8b465ee728b)
Start importing Assets/Scripts using Guid(992fd47c2fa12447a9cfd5b76c483b69) Importer(815301076,1909f56bfc062723c751e8b465ee728b)  -> (artifact id: '2794006a743b91227a14241d180a8f16') in 0.001278 seconds
  Import took 0.003201 seconds .

========================================================================
Received Import Request.
  Time since last request: 106.717980 seconds.
  path: Assets/Scripts/PlayerController.cs
  artifactKey: Guid(58365e4ccddc246b49ba81ef2303d729) Importer(815301076,1909f56bfc062723c751e8b465ee728b)
Start importing Assets/Scripts/PlayerController.cs using Guid(58365e4ccddc246b49ba81ef2303d729) Importer(815301076,1909f56bfc062723c751e8b465ee728b)  -> (artifact id: 'a3b8719c1ac1ca87f0b52a5aa3fe0d89') in 0.312174 seconds
  Import took 0.314256 seconds .

========================================================================
Received Prepare
Registering precompiled user dll's ...
Registered in 0.000342 seconds.
Begin MonoManager ReloadAssembly
Native extension for OSXStandalone target not found
Refreshing native plugins compatible for Editor in 0.26 ms, found 1 plugins.
Preloading 0 native plugins for Editor in 0.00 ms.
Invoked RoslynAnalysisRunner static constructor.
RoslynAnalysisRunner will not be running.
RoslynAnalysisRunner has terminated.
Mono: successfully reloaded assembly
- Completed reload, in  0.814 seconds
Platform modules already initialized, skipping
Refreshing native plugins compatible for Editor in 0.21 ms, found 1 plugins.
Preloading 0 native plugins for Editor in 0.00 ms.
Unloading 1090 Unused Serialized files (Serialized files now loaded: 0)
System memory in use before: 126.8 MB.
System memory in use after: 126.9 MB.

Unloading 5 unused Assets to reduce memory usage. Loaded Objects now: 1536.
Total: 1.786454 ms (FindLiveObjects: 0.162805 ms CreateObjectMapping: 0.033540 ms MarkObjects: 1.546875 ms  DeleteObjects: 0.042428 ms)

========================================================================
Received Prepare
Registering precompiled user dll's ...
Registered in 0.000419 seconds.
Begin MonoManager ReloadAssembly
Native extension for OSXStandalone target not found
Refreshing native plugins compatible for Editor in 0.26 ms, found 1 plugins.
Preloading 0 native plugins for Editor in 0.00 ms.
Invoked RoslynAnalysisRunner static constructor.
RoslynAnalysisRunner will not be running.
RoslynAnalysisRunner has terminated.
Mono: successfully reloaded assembly
- Completed reload, in  0.803 seconds
Platform modules already initialized, skipping
Refreshing native plugins compatible for Editor in 0.22 ms, found 1 plugins.
Preloading 0 native plugins for Editor in 0.00 ms.
Unloading 1090 Unused Serialized files (Serialized files now loaded: 0)
System memory in use before: 127.1 MB.
System memory in use after: 127.2 MB.

Unloading 5 unused Assets to reduce memory usage. Loaded Objects now: 1538.
Total: 1.909292 ms (FindLiveObjects: 0.172138 ms CreateObjectMapping: 0.033624 ms MarkObjects: 1.649895 ms  DeleteObjects: 0.052581 ms)

========================================================================
Received Prepare
Registering precompiled user dll's ...
Registered in 0.000290 seconds.
Begin MonoManager ReloadAssembly
Native extension for OSXStandalone target not found
Refreshing native plugins compatible for Editor in 0.23 ms, found 1 plugins.
Preloading 0 native plugins for Editor in 0.00 ms.
Invoked RoslynAnalysisRunner static constructor.
RoslynAnalysisRunner will not be running.
RoslynAnalysisRunner has terminated.
Mono: successfully reloaded assembly
- Completed reload, in  0.748 seconds
Platform modules already initialized, skipping
Refreshing native plugins compatible for Editor in 0.18 ms, found 1 plugins.
Preloading 0 native plugins for Editor in 0.00 ms.
Unloading 1090 Unused Serialized files (Serialized files now loaded: 0)
System memory in use before: 127.4 MB.
System memory in use after: 127.5 MB.

Unloading 5 unused Assets to reduce memory usage. Loaded Objects now: 1540.
Total: 1.622897 ms (FindLiveObjects: 0.152149 ms CreateObjectMapping: 0.025023 ms MarkObjects: 1.410205 ms  DeleteObjects: 0.034794 ms)

========================================================================
Received Import Request.
  Time since last request: 2067.832208 seconds.
  path: Assets/Scripts/PlayerController.cs
  artifactKey: Guid(58365e4ccddc246b49ba81ef2303d729) Importer(815301076,1909f56bfc062723c751e8b465ee728b)
Start importing Assets/Scripts/PlayerController.cs using Guid(58365e4ccddc246b49ba81ef2303d729) Importer(815301076,1909f56bfc062723c751e8b465ee728b)  -> (artifact id: '164fa168ffada267c7cc13ca474ceacf') in 0.006392 seconds
  Import took 0.008649 seconds .

========================================================================
Received Prepare
Registering precompiled user dll's ...
Registered in 0.000305 seconds.
Begin MonoManager ReloadAssembly
Native extension for OSXStandalone target not found
Refreshing native plugins compatible for Editor in 0.22 ms, found 1 plugins.
Preloading 0 native plugins for Editor in 0.00 ms.
Invoked RoslynAnalysisRunner static constructor.
RoslynAnalysisRunner will not be running.
RoslynAnalysisRunner has terminated.
Mono: successfully reloaded assembly
- Completed reload, in  0.735 seconds
Platform modules already initialized, skipping
Refreshing native plugins compatible for Editor in 0.21 ms, found 1 plugins.
Preloading 0 native plugins for Editor in 0.00 ms.
Unloading 1091 Unused Serialized files (Serialized files now loaded: 0)
System memory in use before: 127.7 MB.
System memory in use after: 127.8 MB.

Unloading 5 unused Assets to reduce memory usage. Loaded Objects now: 1543.
Total: 1.753851 ms (FindLiveObjects: 0.181953 ms CreateObjectMapping: 0.025006 ms MarkObjects: 1.499548 ms  DeleteObjects: 0.046195 ms)

========================================================================
Received Import Request.
  Time since last request: 41.498619 seconds.
  path: Assets/Scripts/CameraController.cs
  artifactKey: Guid(bdedc317c055640dfa76515d81037532) Importer(815301076,1909f56bfc062723c751e8b465ee728b)
Start importing Assets/Scripts/CameraController.cs using Guid(bdedc317c055640dfa76515d81037532) Importer(815301076,1909f56bfc062723c751e8b465ee728b)  -> (artifact id: '372d3fb210c0a4a49a551174495397d9') in 0.006539 seconds
  Import took 0.008618 seconds .

========================================================================
Received Import Request.
  Time since last request: 0.000548 seconds.
  path: Assets/Scripts/CameraController.cs
  artifactKey: Guid(bdedc317c055640dfa76515d81037532) Importer(815301076,1909f56bfc062723c751e8b465ee728b)
Start importing Assets/Scripts/CameraController.cs using Guid(bdedc317c055640dfa76515d81037532) Importer(815301076,1909f56bfc062723c751e8b465ee728b)  -> (artifact id: '372d3fb210c0a4a49a551174495397d9') in 0.003279 seconds
  Import took 0.004965 seconds .

========================================================================
Received Prepare
Registering precompiled user dll's ...
Registered in 0.000345 seconds.
Begin MonoManager ReloadAssembly
Native extension for OSXStandalone target not found
Refreshing native plugins compatible for Editor in 0.24 ms, found 1 plugins.
Preloading 0 native plugins for Editor in 0.00 ms.
Invoked RoslynAnalysisRunner static constructor.
RoslynAnalysisRunner will not be running.
RoslynAnalysisRunner has terminated.
Mono: successfully reloaded assembly
- Completed reload, in  0.812 seconds
Platform modules already initialized, skipping
Refreshing native plugins compatible for Editor in 0.23 ms, found 1 plugins.
Preloading 0 native plugins for Editor in 0.00 ms.
Unloading 1091 Unused Serialized files (Serialized files now loaded: 0)
System memory in use before: 128.0 MB.
System memory in use after: 128.1 MB.

Unloading 5 unused Assets to reduce memory usage. Loaded Objects now: 1545.
Total: 1.868026 ms (FindLiveObjects: 0.181736 ms CreateObjectMapping: 0.043660 ms MarkObjects: 1.592521 ms  DeleteObjects: 0.048814 ms)

========================================================================
Received Import Request.
  Time since last request: 287.245187 seconds.
  path: Assets/Scripts/CameraController.cs
  artifactKey: Guid(bdedc317c055640dfa76515d81037532) Importer(815301076,1909f56bfc062723c751e8b465ee728b)
Start importing Assets/Scripts/CameraController.cs using Guid(bdedc317c055640dfa76515d81037532) Importer(815301076,1909f56bfc062723c751e8b465ee728b)  -> (artifact id: '5fc0a28ce68699e95125d2532ece9409') in 0.005969 seconds
  Import took 0.008051 seconds .

========================================================================
Received Import Request.
  Time since last request: 956.370387 seconds.
  path: Assets/Scripts/Rotator.cs
  artifactKey: Guid(0dc477269021444d49e56525d9c9416b) Importer(815301076,1909f56bfc062723c751e8b465ee728b)
Start importing Assets/Scripts/Rotator.cs using Guid(0dc477269021444d49e56525d9c9416b) Importer(815301076,1909f56bfc062723c751e8b465ee728b)  -> (artifact id: '001e9f98e8c2a03fcf1be2d51f500fb8') in 0.003932 seconds
  Import took 0.005927 seconds .

========================================================================
Received Prepare
Registering precompiled user dll's ...
Registered in 0.000339 seconds.
Begin MonoManager ReloadAssembly
Native extension for OSXStandalone target not found
Refreshing native plugins compatible for Editor in 0.25 ms, found 1 plugins.
Preloading 0 native plugins for Editor in 0.00 ms.
Invoked RoslynAnalysisRunner static constructor.
RoslynAnalysisRunner will not be running.
RoslynAnalysisRunner has terminated.
Mono: successfully reloaded assembly
- Completed reload, in  0.794 seconds
Platform modules already initialized, skipping
Refreshing native plugins compatible for Editor in 0.23 ms, found 1 plugins.
Preloading 0 native plugins for Editor in 0.00 ms.
Unloading 1092 Unused Serialized files (Serialized files now loaded: 0)
System memory in use before: 128.3 MB.
System memory in use after: 128.4 MB.

Unloading 5 unused Assets to reduce memory usage. Loaded Objects now: 1548.
Total: 1.823988 ms (FindLiveObjects: 0.165072 ms CreateObjectMapping: 0.029173 ms MarkObjects: 1.583072 ms  DeleteObjects: 0.045487 ms)

========================================================================
Received Prepare
Registering precompiled user dll's ...
Registered in 0.000297 seconds.
Begin MonoManager ReloadAssembly
Native extension for OSXStandalone target not found
Refreshing native plugins compatible for Editor in 0.23 ms, found 1 plugins.
Preloading 0 native plugins for Editor in 0.00 ms.
Invoked RoslynAnalysisRunner static constructor.
RoslynAnalysisRunner will not be running.
RoslynAnalysisRunner has terminated.
Mono: successfully reloaded assembly
- Completed reload, in  0.768 seconds
Platform modules already initialized, skipping
Refreshing native plugins compatible for Editor in 0.22 ms, found 1 plugins.
Preloading 0 native plugins for Editor in 0.00 ms.
Unloading 1092 Unused Serialized files (Serialized files now loaded: 0)
System memory in use before: 128.6 MB.
System memory in use after: 128.7 MB.

Unloading 5 unused Assets to reduce memory usage. Loaded Objects now: 1550.
Total: 1.877668 ms (FindLiveObjects: 0.185992 ms CreateObjectMapping: 0.028285 ms MarkObjects: 1.612605 ms  DeleteObjects: 0.049342 ms)

========================================================================
Received Import Request.
  Time since last request: 114.721009 seconds.
  path: Assets/Scripts/Rotator.cs
  artifactKey: Guid(0dc477269021444d49e56525d9c9416b) Importer(815301076,1909f56bfc062723c751e8b465ee728b)
Start importing Assets/Scripts/Rotator.cs using Guid(0dc477269021444d49e56525d9c9416b) Importer(815301076,1909f56bfc062723c751e8b465ee728b)  -> (artifact id: 'f932b09583501d224045fda99bfe5f81') in 0.006136 seconds
  Import took 0.008150 seconds .

========================================================================
Received Import Request.
  Time since last request: 110.755299 seconds.
  path: Assets
  artifactKey: Guid(00000000000000001000000000000000) Importer(815301076,1909f56bfc062723c751e8b465ee728b)
Start importing Assets using Guid(00000000000000001000000000000000) Importer(815301076,1909f56bfc062723c751e8b465ee728b)  -> (artifact id: 'e1a2c4dac9df7c17871e19a3b74f0e9f') in 0.000901 seconds
  Import took 0.002865 seconds .

========================================================================
Received Import Request.
  Time since last request: 8.945880 seconds.
  path: Assets/Prefabs
  artifactKey: Guid(e45965dd101a8400d869884360456087) Importer(815301076,1909f56bfc062723c751e8b465ee728b)
Start importing Assets/Prefabs using Guid(e45965dd101a8400d869884360456087) Importer(815301076,1909f56bfc062723c751e8b465ee728b)  -> (artifact id: '7042610ed8efebf7990ef461bf9459e5') in 0.001178 seconds
  Import took 0.003140 seconds .

========================================================================
Received Import Request.
  Time since last request: 9.617026 seconds.
  path: Assets/Prefabs/PickUp.prefab
  artifactKey: Guid(a860906fbf4f7489d948dcbfc49bc772) Importer(815301076,1909f56bfc062723c751e8b465ee728b)
Start importing Assets/Prefabs/PickUp.prefab using Guid(a860906fbf4f7489d948dcbfc49bc772) Importer(815301076,1909f56bfc062723c751e8b465ee728b)  -> (artifact id: '33c1c4d4ccd8f4f1be53504ecd01d1c2') in 0.350238 seconds
  Import took 0.352575 seconds .

========================================================================
Received Prepare
Registering precompiled user dll's ...
Registered in 0.000377 seconds.
Begin MonoManager ReloadAssembly
Native extension for OSXStandalone target not found
Refreshing native plugins compatible for Editor in 0.25 ms, found 1 plugins.
Preloading 0 native plugins for Editor in 0.00 ms.
Invoked RoslynAnalysisRunner static constructor.
RoslynAnalysisRunner will not be running.
RoslynAnalysisRunner has terminated.
Mono: successfully reloaded assembly
- Completed reload, in  0.824 seconds
Platform modules already initialized, skipping
Refreshing native plugins compatible for Editor in 0.25 ms, found 1 plugins.
Preloading 0 native plugins for Editor in 0.00 ms.
Unloading 1092 Unused Serialized files (Serialized files now loaded: 0)
System memory in use before: 137.1 MB.
System memory in use after: 137.2 MB.

Unloading 6 unused Assets to reduce memory usage. Loaded Objects now: 1562.
Total: 2.076337 ms (FindLiveObjects: 0.206669 ms CreateObjectMapping: 0.052796 ms MarkObjects: 1.761451 ms  DeleteObjects: 0.053794 ms)

========================================================================
Received Import Request.
  Time since last request: 2138.948356 seconds.
  path: ProjectSettings/TagManager.asset
  artifactKey: Guid(00000000000000003000000000000000) Importer(815301076,1909f56bfc062723c751e8b465ee728b)
Start importing ProjectSettings/TagManager.asset using Guid(00000000000000003000000000000000) Importer(815301076,1909f56bfc062723c751e8b465ee728b)  -> (artifact id: '8988b340c206bb1d98ca0d47b0266d3b') in 0.276996 seconds
  Import took 0.279249 seconds .

========================================================================
Received Import Request.
  Time since last request: 91.859193 seconds.
  path: Assets/Prefabs/PickUp.prefab
  artifactKey: Guid(a860906fbf4f7489d948dcbfc49bc772) Importer(815301076,1909f56bfc062723c751e8b465ee728b)
Start importing Assets/Prefabs/PickUp.prefab using Guid(a860906fbf4f7489d948dcbfc49bc772) Importer(815301076,1909f56bfc062723c751e8b465ee728b)  -> (artifact id: 'e8e8a42886a7727e01876718d242255e') in 0.046829 seconds
  Import took 0.048993 seconds .

========================================================================
Received Import Request.
  Time since last request: 18.928051 seconds.
  path: Assets/Prefabs/PickUp.prefab
  artifactKey: Guid(a860906fbf4f7489d948dcbfc49bc772) Importer(815301076,1909f56bfc062723c751e8b465ee728b)
Start importing Assets/Prefabs/PickUp.prefab using Guid(a860906fbf4f7489d948dcbfc49bc772) Importer(815301076,1909f56bfc062723c751e8b465ee728b)  -> (artifact id: '080da8169028b6fd0acf825e9f79a07c') in 0.009402 seconds
  Import took 0.011640 seconds .

